<?xml version="1.0" encoding="UTF-8"?>
<testng-results skipped="0" failed="0" ignored="0" total="1" passed="1">
  <reporter-output>
  </reporter-output>
  <suite name="Default suite" duration-ms="927" started-at="2019-09-26T17:47:39Z" finished-at="2019-09-26T17:47:39Z">
    <groups>
    </groups>
    <test name="Default test" duration-ms="927" started-at="2019-09-26T17:47:39Z" finished-at="2019-09-26T17:47:39Z">
      <class name="pojo_learning.LoginToEmail">
        <test-method status="PASS" signature="readDataTest()[pri:0, instance:pojo_learning.LoginToEmail@5622fdf]" name="readDataTest" duration-ms="837" started-at="2019-09-26T23:17:39Z" finished-at="2019-09-26T23:17:39Z">
          <reporter-output>
          </reporter-output>
        </test-method> <!-- readDataTest -->
      </class> <!-- pojo_learning.LoginToEmail -->
    </test> <!-- Default test -->
  </suite> <!-- Default suite -->
</testng-results>
